[     254ms] [ERROR] ./pages/cargas.tsx:16:1
Module not found: Can't resolve '../components/EmptyState'
  14 | import Layout from "../components/Layout";
  15 | import Toast from "../components/Toast";
> 16 | import { EmptyState } from "../components/EmptyState";
     | ^^^^^^^^^^^^^^^^^^^^^^^^^^^^^^^^^^^^^^^^^^^^^^^^^^^^^^
  17 | import { ErrorState } from "../components/ErrorState";
  18 | import {
  19 |   StatCardSkeleton,

https://nextjs.org/docs/messages/module-not-found @ http://localhost:3000/_next/static/chunks/8283b_next_dist_507b7e7c._.js:2074
[     254ms] [ERROR] ./pages/cargas.tsx:17:1
Module not found: Can't resolve '../components/ErrorState'
  15 | import Toast from "../components/Toast";
  16 | import { EmptyState } from "../components/EmptyState";
> 17 | import { ErrorState } from "../components/ErrorState";
     | ^^^^^^^^^^^^^^^^^^^^^^^^^^^^^^^^^^^^^^^^^^^^^^^^^^^^^^
  18 | import {
  19 |   StatCardSkeleton,
  20 |   TableSkeleton,

https://nextjs.org/docs/messages/module-not-found @ http://localhost:3000/_next/static/chunks/8283b_next_dist_507b7e7c._.js:2074
[     254ms] [ERROR] ./pages/cargas.tsx:5:1
Module not found: Can't resolve 'lucide-react'
   3 | import useSWR from "swr";
   4 | import { motion } from "framer-motion";
>  5 | import {
     | ^^^^^^^^
>  6 |   Search,
     | ^^^^^^^^^
>  7 |   Download,
     | ^^^^^^^^^
>  8 |   Package,
     | ^^^^^^^^^
>  9 |   AlertCircle,
     | ^^^^^^^^^
> 10 |   RefreshCw,
     | ^^^^^^^^^
> 11 |   Filter,
     | ^^^^^^^^^
> 12 | } from "lucide-react";
     | ^^^^^^^^^^^^^^^^^^^^^^^
  13 | import type { CargaRecord } from "@notifica/shared/types";
  14 | import Layout from "../components/Layout";
  15 | import Toast from "../components/Toast";

https://nextjs.org/docs/messages/module-not-found @ http://localhost:3000/_next/static/chunks/8283b_next_dist_507b7e7c._.js:2074
[     363ms] [ERROR] ./pages/cargas.tsx:16:1
Module not found: Can't resolve '../components/EmptyState'
  14 | import Layout from "../components/Layout";
  15 | import Toast from "../components/Toast";
> 16 | import { EmptyState } from "../components/EmptyState";
     | ^^^^^^^^^^^^^^^^^^^^^^^^^^^^^^^^^^^^^^^^^^^^^^^^^^^^^^
  17 | import { ErrorState } from "../components/ErrorState";
  18 | import {
  19 |   StatCardSkeleton,

https://nextjs.org/docs/messages/module-not-found @ http://localhost:3000/_next/static/chunks/8283b_next_dist_507b7e7c._.js:2074
[     363ms] [ERROR] ./pages/cargas.tsx:17:1
Module not found: Can't resolve '../components/ErrorState'
  15 | import Toast from "../components/Toast";
  16 | import { EmptyState } from "../components/EmptyState";
> 17 | import { ErrorState } from "../components/ErrorState";
     | ^^^^^^^^^^^^^^^^^^^^^^^^^^^^^^^^^^^^^^^^^^^^^^^^^^^^^^
  18 | import {
  19 |   StatCardSkeleton,
  20 |   TableSkeleton,

https://nextjs.org/docs/messages/module-not-found @ http://localhost:3000/_next/static/chunks/8283b_next_dist_507b7e7c._.js:2074
[     363ms] [ERROR] ./pages/cargas.tsx:5:1
Module not found: Can't resolve 'lucide-react'
   3 | import useSWR from "swr";
   4 | import { motion } from "framer-motion";
>  5 | import {
     | ^^^^^^^^
>  6 |   Search,
     | ^^^^^^^^^
>  7 |   Download,
     | ^^^^^^^^^
>  8 |   Package,
     | ^^^^^^^^^
>  9 |   AlertCircle,
     | ^^^^^^^^^
> 10 |   RefreshCw,
     | ^^^^^^^^^
> 11 |   Filter,
     | ^^^^^^^^^
> 12 | } from "lucide-react";
     | ^^^^^^^^^^^^^^^^^^^^^^^
  13 | import type { CargaRecord } from "@notifica/shared/types";
  14 | import Layout from "../components/Layout";
  15 | import Toast from "../components/Toast";

https://nextjs.org/docs/messages/module-not-found @ http://localhost:3000/_next/static/chunks/8283b_next_dist_507b7e7c._.js:2074
[     378ms] [ERROR] Failed to load resource: the server responded with a status of 500 (Internal Server Error) @ http://localhost:3000/cargas:0
[    1759ms] Error: ./pages/cargas.tsx:16:1
Module not found: Can't resolve '../components/EmptyState'
  14 | import Layout from "../components/Layout";
  15 | import Toast from "../components/Toast";
> 16 | import { EmptyState } from "../components/EmptyState";
     | ^^^^^^^^^^^^^^^^^^^^^^^^^^^^^^^^^^^^^^^^^^^^^^^^^^^^^^
  17 | import { ErrorState } from "../components/ErrorState";
  18 | import {
  19 |   StatCardSkeleton,



https://nextjs.org/docs/messages/module-not-found


    at <unknown> (Error: ./pages/cargas.tsx:16:1)
    at <unknown> (https://nextjs.org/docs/messages/module-not-found)
    at getCompilationErrors (file:///home/jeancsla/notifica-frete-guinchonahora/node_modules/.bun/next@16.1.6+1defbf50baff6439/node_modules/next/dist/server/dev/hot-reloader-turbopack.js:1008:63)
    at getCompilationError (file:///home/jeancsla/notifica-frete-guinchonahora/node_modules/.bun/next@16.1.6+1defbf50baff6439/node_modules/next/dist/server/lib/dev-bundler-service.js:44:55)
    at getCompilationError (file:///home/jeancsla/notifica-frete-guinchonahora/node_modules/.bun/next@16.1.6+1defbf50baff6439/node_modules/next/dist/server/dev/next-dev-server.js:706:42)
    at findPageComponents (file:///home/jeancsla/notifica-frete-guinchonahora/node_modules/.bun/next@16.1.6+1defbf50baff6439/node_modules/next/dist/server/dev/next-dev-server.js:676:43)
    at renderErrorToResponseImpl (file:///home/jeancsla/notifica-frete-guinchonahora/node_modules/.bun/next@16.1.6+1defbf50baff6439/node_modules/next/dist/server/base-server.js:1733:37)
    at processTicksAndRejections
[    1761ms] Error: Module [next]/entry/page-loader.ts { PAGE => "[project]/node_modules/next/error.js [client] (ecmascript)" } [client] (ecmascript) was instantiated because it was required from module [hmr-entry]/hmr-entry.js { ENTRY => "[project]/pages/_error" }, but the module factory is not available. It might have been deleted in an HMR update.
    at instantiateModule (http://localhost:3000/_next/static/chunks/turbopack-pages__app_25788725._.js:845:15)
    at getOrInstantiateModuleFromParent (http://localhost:3000/_next/static/chunks/turbopack-pages__app_25788725._.js:830:12)
    at DevContext.commonJsRequire [as r] (http://localhost:3000/_next/static/chunks/turbopack-pages__app_25788725._.js:259:12)
    at module evaluation (http://localhost:3000/_next/static/chunks/%5Broot-of-the-server%5D__092393de._.js:468:23)
    at http://localhost:3000/_next/static/chunks/turbopack-pages__app_25788725._.js:879:13
    at runModuleExecutionHooks (http://localhost:3000/_next/static/chunks/turbopack-pages__app_25788725._.js:904:13)
    at instantiateModule (http://localhost:3000/_next/static/chunks/turbopack-pages__app_25788725._.js:877:9)
    at getOrInstantiateRuntimeModule (http://localhost:3000/_next/static/chunks/turbopack-pages__app_25788725._.js:808:12)
    at Object.registerChunk (http://localhost:3000/_next/static/chunks/turbopack-pages__app_25788725._.js:1626:21)
[    1961ms] [ERROR] ./pages/cargas.tsx:16:1
Module not found: Can't resolve '../components/EmptyState'
  14 | import Layout from "../components/Layout";
  15 | import Toast from "../components/Toast";
> 16 | import { EmptyState } from "../components/EmptyState";
     | ^^^^^^^^^^^^^^^^^^^^^^^^^^^^^^^^^^^^^^^^^^^^^^^^^^^^^^
  17 | import { ErrorState } from "../components/ErrorState";
  18 | import {
  19 |   StatCardSkeleton,

https://nextjs.org/docs/messages/module-not-found @ http://localhost:3000/_next/static/chunks/8283b_next_dist_507b7e7c._.js:2074
[    1961ms] [ERROR] ./pages/cargas.tsx:17:1
Module not found: Can't resolve '../components/ErrorState'
  15 | import Toast from "../components/Toast";
  16 | import { EmptyState } from "../components/EmptyState";
> 17 | import { ErrorState } from "../components/ErrorState";
     | ^^^^^^^^^^^^^^^^^^^^^^^^^^^^^^^^^^^^^^^^^^^^^^^^^^^^^^
  18 | import {
  19 |   StatCardSkeleton,
  20 |   TableSkeleton,

https://nextjs.org/docs/messages/module-not-found @ http://localhost:3000/_next/static/chunks/8283b_next_dist_507b7e7c._.js:2074
[    1962ms] [ERROR] ./pages/cargas.tsx:5:1
Module not found: Can't resolve 'lucide-react'
   3 | import useSWR from "swr";
   4 | import { motion } from "framer-motion";
>  5 | import {
     | ^^^^^^^^
>  6 |   Search,
     | ^^^^^^^^^
>  7 |   Download,
     | ^^^^^^^^^
>  8 |   Package,
     | ^^^^^^^^^
>  9 |   AlertCircle,
     | ^^^^^^^^^
> 10 |   RefreshCw,
     | ^^^^^^^^^
> 11 |   Filter,
     | ^^^^^^^^^
> 12 | } from "lucide-react";
     | ^^^^^^^^^^^^^^^^^^^^^^^
  13 | import type { CargaRecord } from "@notifica/shared/types";
  14 | import Layout from "../components/Layout";
  15 | import Toast from "../components/Toast";

https://nextjs.org/docs/messages/module-not-found @ http://localhost:3000/_next/static/chunks/8283b_next_dist_507b7e7c._.js:2074
[    2003ms] [ERROR] ./pages/cargas.tsx:16:1
Module not found: Can't resolve '../components/EmptyState'
  14 | import Layout from "../components/Layout";
  15 | import Toast from "../components/Toast";
> 16 | import { EmptyState } from "../components/EmptyState";
     | ^^^^^^^^^^^^^^^^^^^^^^^^^^^^^^^^^^^^^^^^^^^^^^^^^^^^^^
  17 | import { ErrorState } from "../components/ErrorState";
  18 | import {
  19 |   StatCardSkeleton,

https://nextjs.org/docs/messages/module-not-found @ http://localhost:3000/_next/static/chunks/8283b_next_dist_507b7e7c._.js:2074
[    2004ms] [ERROR] ./pages/cargas.tsx:17:1
Module not found: Can't resolve '../components/ErrorState'
  15 | import Toast from "../components/Toast";
  16 | import { EmptyState } from "../components/EmptyState";
> 17 | import { ErrorState } from "../components/ErrorState";
     | ^^^^^^^^^^^^^^^^^^^^^^^^^^^^^^^^^^^^^^^^^^^^^^^^^^^^^^
  18 | import {
  19 |   StatCardSkeleton,
  20 |   TableSkeleton,

https://nextjs.org/docs/messages/module-not-found @ http://localhost:3000/_next/static/chunks/8283b_next_dist_507b7e7c._.js:2074
[    2004ms] [ERROR] ./pages/cargas.tsx:5:1
Module not found: Can't resolve 'lucide-react'
   3 | import useSWR from "swr";
   4 | import { motion } from "framer-motion";
>  5 | import {
     | ^^^^^^^^
>  6 |   Search,
     | ^^^^^^^^^
>  7 |   Download,
     | ^^^^^^^^^
>  8 |   Package,
     | ^^^^^^^^^
>  9 |   AlertCircle,
     | ^^^^^^^^^
> 10 |   RefreshCw,
     | ^^^^^^^^^
> 11 |   Filter,
     | ^^^^^^^^^
> 12 | } from "lucide-react";
     | ^^^^^^^^^^^^^^^^^^^^^^^
  13 | import type { CargaRecord } from "@notifica/shared/types";
  14 | import Layout from "../components/Layout";
  15 | import Toast from "../components/Toast";

https://nextjs.org/docs/messages/module-not-found @ http://localhost:3000/_next/static/chunks/8283b_next_dist_507b7e7c._.js:2074
[    2065ms] [ERROR] ./pages/cargas.tsx:16:1
Module not found: Can't resolve '../components/EmptyState'
  14 | import Layout from "../components/Layout";
  15 | import Toast from "../components/Toast";
> 16 | import { EmptyState } from "../components/EmptyState";
     | ^^^^^^^^^^^^^^^^^^^^^^^^^^^^^^^^^^^^^^^^^^^^^^^^^^^^^^
  17 | import { ErrorState } from "../components/ErrorState";
  18 | import {
  19 |   StatCardSkeleton,

https://nextjs.org/docs/messages/module-not-found @ http://localhost:3000/_next/static/chunks/8283b_next_dist_507b7e7c._.js:2074
[    2065ms] [ERROR] ./pages/cargas.tsx:17:1
Module not found: Can't resolve '../components/ErrorState'
  15 | import Toast from "../components/Toast";
  16 | import { EmptyState } from "../components/EmptyState";
> 17 | import { ErrorState } from "../components/ErrorState";
     | ^^^^^^^^^^^^^^^^^^^^^^^^^^^^^^^^^^^^^^^^^^^^^^^^^^^^^^
  18 | import {
  19 |   StatCardSkeleton,
  20 |   TableSkeleton,

https://nextjs.org/docs/messages/module-not-found @ http://localhost:3000/_next/static/chunks/8283b_next_dist_507b7e7c._.js:2074
[    2066ms] [ERROR] ./pages/cargas.tsx:5:1
Module not found: Can't resolve 'lucide-react'
   3 | import useSWR from "swr";
   4 | import { motion } from "framer-motion";
>  5 | import {
     | ^^^^^^^^
>  6 |   Search,
     | ^^^^^^^^^
>  7 |   Download,
     | ^^^^^^^^^
>  8 |   Package,
     | ^^^^^^^^^
>  9 |   AlertCircle,
     | ^^^^^^^^^
> 10 |   RefreshCw,
     | ^^^^^^^^^
> 11 |   Filter,
     | ^^^^^^^^^
> 12 | } from "lucide-react";
     | ^^^^^^^^^^^^^^^^^^^^^^^
  13 | import type { CargaRecord } from "@notifica/shared/types";
  14 | import Layout from "../components/Layout";
  15 | import Toast from "../components/Toast";

https://nextjs.org/docs/messages/module-not-found @ http://localhost:3000/_next/static/chunks/8283b_next_dist_507b7e7c._.js:2074
[    2114ms] [ERROR] ./pages/cargas.tsx:16:1
Module not found: Can't resolve '../components/EmptyState'
  14 | import Layout from "../components/Layout";
  15 | import Toast from "../components/Toast";
> 16 | import { EmptyState } from "../components/EmptyState";
     | ^^^^^^^^^^^^^^^^^^^^^^^^^^^^^^^^^^^^^^^^^^^^^^^^^^^^^^
  17 | import { ErrorState } from "../components/ErrorState";
  18 | import {
  19 |   StatCardSkeleton,

https://nextjs.org/docs/messages/module-not-found @ http://localhost:3000/_next/static/chunks/8283b_next_dist_507b7e7c._.js:2074
[    2114ms] [ERROR] ./pages/cargas.tsx:17:1
Module not found: Can't resolve '../components/ErrorState'
  15 | import Toast from "../components/Toast";
  16 | import { EmptyState } from "../components/EmptyState";
> 17 | import { ErrorState } from "../components/ErrorState";
     | ^^^^^^^^^^^^^^^^^^^^^^^^^^^^^^^^^^^^^^^^^^^^^^^^^^^^^^
  18 | import {
  19 |   StatCardSkeleton,
  20 |   TableSkeleton,

https://nextjs.org/docs/messages/module-not-found @ http://localhost:3000/_next/static/chunks/8283b_next_dist_507b7e7c._.js:2074
[    2114ms] [ERROR] ./pages/cargas.tsx:5:1
Module not found: Can't resolve 'lucide-react'
   3 | import useSWR from "swr";
   4 | import { motion } from "framer-motion";
>  5 | import {
     | ^^^^^^^^
>  6 |   Search,
     | ^^^^^^^^^
>  7 |   Download,
     | ^^^^^^^^^
>  8 |   Package,
     | ^^^^^^^^^
>  9 |   AlertCircle,
     | ^^^^^^^^^
> 10 |   RefreshCw,
     | ^^^^^^^^^
> 11 |   Filter,
     | ^^^^^^^^^
> 12 | } from "lucide-react";
     | ^^^^^^^^^^^^^^^^^^^^^^^
  13 | import type { CargaRecord } from "@notifica/shared/types";
  14 | import Layout from "../components/Layout";
  15 | import Toast from "../components/Toast";

https://nextjs.org/docs/messages/module-not-found @ http://localhost:3000/_next/static/chunks/8283b_next_dist_507b7e7c._.js:2074
[  319539ms] [ERROR] ./pages/cargas.tsx:16:1
Module not found: Can't resolve '../components/EmptyState'
  14 | import Layout from "../components/Layout";
  15 | import Toast from "../components/Toast";
> 16 | import { EmptyState } from "../components/EmptyState";
     | ^^^^^^^^^^^^^^^^^^^^^^^^^^^^^^^^^^^^^^^^^^^^^^^^^^^^^^
  17 | import { ErrorState } from "../components/ErrorState";
  18 | import {
  19 |   StatCardSkeleton,

https://nextjs.org/docs/messages/module-not-found @ http://localhost:3000/_next/static/chunks/8283b_next_dist_507b7e7c._.js:2074
[  319540ms] [ERROR] ./pages/cargas.tsx:17:1
Module not found: Can't resolve '../components/ErrorState'
  15 | import Toast from "../components/Toast";
  16 | import { EmptyState } from "../components/EmptyState";
> 17 | import { ErrorState } from "../components/ErrorState";
     | ^^^^^^^^^^^^^^^^^^^^^^^^^^^^^^^^^^^^^^^^^^^^^^^^^^^^^^
  18 | import {
  19 |   StatCardSkeleton,
  20 |   TableSkeleton,

https://nextjs.org/docs/messages/module-not-found @ http://localhost:3000/_next/static/chunks/8283b_next_dist_507b7e7c._.js:2074
[  319540ms] [ERROR] ./pages/cargas.tsx:5:1
Module not found: Can't resolve 'lucide-react'
   3 | import useSWR from "swr";
   4 | import { motion } from "framer-motion";
>  5 | import {
     | ^^^^^^^^
>  6 |   Search,
     | ^^^^^^^^^
>  7 |   Download,
     | ^^^^^^^^^
>  8 |   Package,
     | ^^^^^^^^^
>  9 |   AlertCircle,
     | ^^^^^^^^^
> 10 |   RefreshCw,
     | ^^^^^^^^^
> 11 |   Filter,
     | ^^^^^^^^^
> 12 | } from "lucide-react";
     | ^^^^^^^^^^^^^^^^^^^^^^^
  13 | import type { CargaRecord } from "@notifica/shared/types";
  14 | import Layout from "../components/Layout";
  15 | import Toast from "../components/Toast";

https://nextjs.org/docs/messages/module-not-found @ http://localhost:3000/_next/static/chunks/8283b_next_dist_507b7e7c._.js:2074
[  456746ms] [ERROR] ./pages/cargas.tsx:16:1
Module not found: Can't resolve '../components/EmptyState'
  14 | import Layout from "../components/Layout";
  15 | import Toast from "../components/Toast";
> 16 | import { EmptyState } from "../components/EmptyState";
     | ^^^^^^^^^^^^^^^^^^^^^^^^^^^^^^^^^^^^^^^^^^^^^^^^^^^^^^
  17 | import { ErrorState } from "../components/ErrorState";
  18 | import {
  19 |   StatCardSkeleton,

https://nextjs.org/docs/messages/module-not-found @ http://localhost:3000/_next/static/chunks/8283b_next_dist_507b7e7c._.js:2074
[  456746ms] [ERROR] ./pages/cargas.tsx:17:1
Module not found: Can't resolve '../components/ErrorState'
  15 | import Toast from "../components/Toast";
  16 | import { EmptyState } from "../components/EmptyState";
> 17 | import { ErrorState } from "../components/ErrorState";
     | ^^^^^^^^^^^^^^^^^^^^^^^^^^^^^^^^^^^^^^^^^^^^^^^^^^^^^^
  18 | import {
  19 |   StatCardSkeleton,
  20 |   TableSkeleton,

https://nextjs.org/docs/messages/module-not-found @ http://localhost:3000/_next/static/chunks/8283b_next_dist_507b7e7c._.js:2074
[  456746ms] [ERROR] ./pages/cargas.tsx:5:1
Module not found: Can't resolve 'lucide-react'
   3 | import useSWR from "swr";
   4 | import { motion } from "framer-motion";
>  5 | import {
     | ^^^^^^^^
>  6 |   Search,
     | ^^^^^^^^^
>  7 |   Download,
     | ^^^^^^^^^
>  8 |   Package,
     | ^^^^^^^^^
>  9 |   AlertCircle,
     | ^^^^^^^^^
> 10 |   RefreshCw,
     | ^^^^^^^^^
> 11 |   Filter,
     | ^^^^^^^^^
> 12 | } from "lucide-react";
     | ^^^^^^^^^^^^^^^^^^^^^^^
  13 | import type { CargaRecord } from "@notifica/shared/types";
  14 | import Layout from "../components/Layout";
  15 | import Toast from "../components/Toast";

https://nextjs.org/docs/messages/module-not-found @ http://localhost:3000/_next/static/chunks/8283b_next_dist_507b7e7c._.js:2074
[  477407ms] [ERROR] ./pages/cargas.tsx:16:1
Module not found: Can't resolve '../components/EmptyState'
  14 | import Layout from "../components/Layout";
  15 | import Toast from "../components/Toast";
> 16 | import { EmptyState } from "../components/EmptyState";
     | ^^^^^^^^^^^^^^^^^^^^^^^^^^^^^^^^^^^^^^^^^^^^^^^^^^^^^^
  17 | import { ErrorState } from "../components/ErrorState";
  18 | import {
  19 |   StatCardSkeleton,

https://nextjs.org/docs/messages/module-not-found @ http://localhost:3000/_next/static/chunks/8283b_next_dist_507b7e7c._.js:2074
[  477408ms] [ERROR] ./pages/cargas.tsx:17:1
Module not found: Can't resolve '../components/ErrorState'
  15 | import Toast from "../components/Toast";
  16 | import { EmptyState } from "../components/EmptyState";
> 17 | import { ErrorState } from "../components/ErrorState";
     | ^^^^^^^^^^^^^^^^^^^^^^^^^^^^^^^^^^^^^^^^^^^^^^^^^^^^^^
  18 | import {
  19 |   StatCardSkeleton,
  20 |   TableSkeleton,

https://nextjs.org/docs/messages/module-not-found @ http://localhost:3000/_next/static/chunks/8283b_next_dist_507b7e7c._.js:2074
[  477408ms] [ERROR] ./pages/cargas.tsx:5:1
Module not found: Can't resolve 'lucide-react'
   3 | import useSWR from "swr";
   4 | import { motion } from "framer-motion";
>  5 | import {
     | ^^^^^^^^
>  6 |   Search,
     | ^^^^^^^^^
>  7 |   Download,
     | ^^^^^^^^^
>  8 |   Package,
     | ^^^^^^^^^
>  9 |   AlertCircle,
     | ^^^^^^^^^
> 10 |   RefreshCw,
     | ^^^^^^^^^
> 11 |   Filter,
     | ^^^^^^^^^
> 12 | } from "lucide-react";
     | ^^^^^^^^^^^^^^^^^^^^^^^
  13 | import type { CargaRecord } from "@notifica/shared/types";
  14 | import Layout from "../components/Layout";
  15 | import Toast from "../components/Toast";

https://nextjs.org/docs/messages/module-not-found @ http://localhost:3000/_next/static/chunks/8283b_next_dist_507b7e7c._.js:2074
