[    1484ms] [WARNING] [HMR] Invalid message: {"type":"isrManifest","data":{"/login":true,"/api/v1/cargas?limit=10&offset=0&includeTotal=true&notified=false&sortBy=prev_coleta&sortOrder=DESC":false,"/dashboard":false}}
TypeError: Cannot read properties of undefined (reading 'components')
    at handleStaticIndicator (http://localhost:3000/_next/static/chunks/05a6e_next_dist_client_64f7de3c._.js:2715:46)
    at processMessage (http://localhost:3000/_next/static/chunks/05a6e_next_dist_client_64f7de3c._.js:2729:17)
    at http://localhost:3000/_next/static/chunks/05a6e_next_dist_client_64f7de3c._.js:2603:13
    at WebSocket.handleMessage (http://localhost:3000/_next/static/chunks/05a6e_next_dist_client_64f7de3c._.js:2248:17) @ http://localhost:3000/_next/static/chunks/05a6e_next_dist_37be2ff1._.js:1360
[  539775ms] [ERROR] WebSocket connection to 'ws://localhost:3000/_next/webpack-hmr' failed: Error in connection establishment: net::ERR_CONNECTION_REFUSED @ http://localhost:3000/_next/static/chunks/05a6e_next_dist_client_64f7de3c._.js:2266
[  540778ms] [ERROR] WebSocket connection to 'ws://localhost:3000/_next/webpack-hmr' failed: Error in connection establishment: net::ERR_CONNECTION_REFUSED @ http://localhost:3000/_next/static/chunks/05a6e_next_dist_client_64f7de3c._.js:2266
[  541780ms] [ERROR] WebSocket connection to 'ws://localhost:3000/_next/webpack-hmr' failed: Error in connection establishment: net::ERR_CONNECTION_REFUSED @ http://localhost:3000/_next/static/chunks/05a6e_next_dist_client_64f7de3c._.js:2266
[  542782ms] [ERROR] WebSocket connection to 'ws://localhost:3000/_next/webpack-hmr' failed: Error in connection establishment: net::ERR_CONNECTION_REFUSED @ http://localhost:3000/_next/static/chunks/05a6e_next_dist_client_64f7de3c._.js:2266
[  543785ms] [ERROR] WebSocket connection to 'ws://localhost:3000/_next/webpack-hmr' failed: Error in connection establishment: net::ERR_CONNECTION_REFUSED @ http://localhost:3000/_next/static/chunks/05a6e_next_dist_client_64f7de3c._.js:2266
[  548792ms] [ERROR] WebSocket connection to 'ws://localhost:3000/_next/webpack-hmr' failed: Error in connection establishment: net::ERR_CONNECTION_REFUSED @ http://localhost:3000/_next/static/chunks/05a6e_next_dist_client_64f7de3c._.js:2266
[  553800ms] [ERROR] WebSocket connection to 'ws://localhost:3000/_next/webpack-hmr' failed: Error in connection establishment: net::ERR_CONNECTION_REFUSED @ http://localhost:3000/_next/static/chunks/05a6e_next_dist_client_64f7de3c._.js:2266
[  562392ms] [ERROR] WebSocket connection to 'ws://localhost:3000/_next/webpack-hmr' failed: Error in connection establishment: net::ERR_CONNECTION_REFUSED @ http://localhost:3000/_next/static/chunks/05a6e_next_dist_client_64f7de3c._.js:2266
[  567424ms] [ERROR] WebSocket connection to 'ws://localhost:3000/_next/webpack-hmr' failed: Error in connection establishment: net::ERR_CONNECTION_REFUSED @ http://localhost:3000/_next/static/chunks/05a6e_next_dist_client_64f7de3c._.js:2266
[  572449ms] [ERROR] WebSocket connection to 'ws://localhost:3000/_next/webpack-hmr' failed: Error in connection establishment: net::ERR_CONNECTION_REFUSED @ http://localhost:3000/_next/static/chunks/05a6e_next_dist_client_64f7de3c._.js:2266
[  579239ms] [WARNING] [HMR] Invalid message: {"type":"isrManifest","data":{"/login":true}}
TypeError: Cannot read properties of undefined (reading 'components')
    at handleStaticIndicator (http://localhost:3000/_next/static/chunks/05a6e_next_dist_client_64f7de3c._.js:2715:46)
    at processMessage (http://localhost:3000/_next/static/chunks/05a6e_next_dist_client_64f7de3c._.js:2729:17)
    at http://localhost:3000/_next/static/chunks/05a6e_next_dist_client_64f7de3c._.js:2603:13
    at WebSocket.handleMessage (http://localhost:3000/_next/static/chunks/05a6e_next_dist_client_64f7de3c._.js:2248:17) @ http://localhost:3000/_next/static/chunks/05a6e_next_dist_37be2ff1._.js:1360
